2016-11-05 5:24:18 - PHP Warning:  Invalid argument supplied for foreach() in C:\xampp\htdocs\mittag\upload\catalog\view\theme\default\template\common\content_bottom.tpl on line 3
2016-11-05 5:24:18 - PHP Warning:  Invalid argument supplied for foreach() in C:\xampp\htdocs\mittag\upload\catalog\view\theme\default\template\common\content_bottom.tpl on line 3
2016-11-05 5:24:22 - PHP Warning:  Invalid argument supplied for foreach() in C:\xampp\htdocs\mittag\upload\catalog\view\theme\default\template\common\content_bottom.tpl on line 3
2016-11-05 5:24:22 - PHP Warning:  Invalid argument supplied for foreach() in C:\xampp\htdocs\mittag\upload\catalog\view\theme\default\template\common\content_bottom.tpl on line 3
2016-11-05 6:04:07 - PHP Notice:  Undefined offset: 0 in C:\xampp\htdocs\mittag\upload\catalog\view\theme\default\template\common\content_bottom.tpl on line 3
2016-11-05 6:04:07 - PHP Notice:  Undefined offset: 1 in C:\xampp\htdocs\mittag\upload\catalog\view\theme\default\template\common\content_bottom.tpl on line 6
2016-11-05 6:04:09 - PHP Notice:  Undefined offset: 0 in C:\xampp\htdocs\mittag\upload\catalog\view\theme\default\template\common\content_bottom.tpl on line 3
2016-11-05 6:04:09 - PHP Notice:  Undefined offset: 1 in C:\xampp\htdocs\mittag\upload\catalog\view\theme\default\template\common\content_bottom.tpl on line 6
2016-11-05 6:10:37 - PHP Notice:  Undefined offset: 0 in C:\xampp\htdocs\mittag\upload\catalog\view\theme\default\template\common\content_bottom.tpl on line 3
2016-11-05 6:10:37 - PHP Notice:  Undefined offset: 1 in C:\xampp\htdocs\mittag\upload\catalog\view\theme\default\template\common\content_bottom.tpl on line 6
2016-11-05 6:29:10 - PHP Notice:  Undefined offset: 0 in C:\xampp\htdocs\mittag\upload\catalog\view\theme\default\template\common\content_bottom.tpl on line 3
2016-11-05 6:29:10 - PHP Notice:  Undefined offset: 1 in C:\xampp\htdocs\mittag\upload\catalog\view\theme\default\template\common\content_bottom.tpl on line 6
2016-11-05 11:46:51 - PHP Notice:  Undefined offset: 0 in C:\xampp\htdocs\mittag\upload\catalog\view\theme\default\template\common\content_bottom.tpl on line 6
2016-11-05 11:46:51 - PHP Notice:  Undefined offset: 1 in C:\xampp\htdocs\mittag\upload\catalog\view\theme\default\template\common\content_bottom.tpl on line 9
2016-11-05 11:50:10 - PHP Notice:  Undefined offset: 0 in C:\xampp\htdocs\mittag\upload\catalog\view\theme\default\template\common\content_bottom.tpl on line 6
2016-11-05 11:50:10 - PHP Notice:  Undefined offset: 1 in C:\xampp\htdocs\mittag\upload\catalog\view\theme\default\template\common\content_bottom.tpl on line 9
2016-11-06 13:04:18 - PHP Warning:  implode(): Invalid arguments passed in /home/jungweic/public_html/mittag.com.tw/admin/controller/common/header.php on line 58
2016-11-06 13:04:18 - PHP Warning:  implode(): Invalid arguments passed in /home/jungweic/public_html/mittag.com.tw/admin/controller/common/header.php on line 59
2016-11-06 13:04:18 - PHP Warning:  implode(): Invalid arguments passed in /home/jungweic/public_html/mittag.com.tw/admin/controller/common/column_left.php on line 855
2016-11-06 13:04:18 - PHP Warning:  array_merge(): Argument #2 is not an array in /home/jungweic/public_html/mittag.com.tw/admin/controller/common/column_left.php on line 870
2016-11-06 13:04:18 - PHP Warning:  in_array() expects parameter 2 to be array, null given in /home/jungweic/public_html/mittag.com.tw/admin/controller/common/column_left.php on line 870
2016-11-06 13:04:18 - PHP Warning:  array_merge(): Argument #2 is not an array in /home/jungweic/public_html/mittag.com.tw/admin/controller/common/column_left.php on line 870
2016-11-06 13:04:18 - PHP Warning:  in_array() expects parameter 2 to be array, null given in /home/jungweic/public_html/mittag.com.tw/admin/controller/common/column_left.php on line 870
2016-11-06 13:04:18 - PHP Warning:  array_merge(): Argument #2 is not an array in /home/jungweic/public_html/mittag.com.tw/admin/controller/common/column_left.php on line 870
2016-11-06 13:04:18 - PHP Warning:  in_array() expects parameter 2 to be array, null given in /home/jungweic/public_html/mittag.com.tw/admin/controller/common/column_left.php on line 870
2016-11-06 13:04:18 - PHP Warning:  array_merge(): Argument #2 is not an array in /home/jungweic/public_html/mittag.com.tw/admin/controller/common/column_left.php on line 870
2016-11-06 13:04:18 - PHP Warning:  in_array() expects parameter 2 to be array, null given in /home/jungweic/public_html/mittag.com.tw/admin/controller/common/column_left.php on line 870
2016-11-06 13:04:18 - PHP Warning:  array_merge(): Argument #2 is not an array in /home/jungweic/public_html/mittag.com.tw/admin/controller/common/column_left.php on line 870
2016-11-06 13:04:18 - PHP Warning:  in_array() expects parameter 2 to be array, null given in /home/jungweic/public_html/mittag.com.tw/admin/controller/common/column_left.php on line 870
2016-11-06 13:04:18 - PHP Warning:  array_merge(): Argument #2 is not an array in /home/jungweic/public_html/mittag.com.tw/admin/controller/common/column_left.php on line 870
2016-11-06 13:04:18 - PHP Warning:  in_array() expects parameter 2 to be array, null given in /home/jungweic/public_html/mittag.com.tw/admin/controller/common/column_left.php on line 870
2016-11-06 13:04:18 - PHP Warning:  array_merge(): Argument #2 is not an array in /home/jungweic/public_html/mittag.com.tw/admin/controller/common/column_left.php on line 870
2016-11-06 13:04:18 - PHP Warning:  in_array() expects parameter 2 to be array, null given in /home/jungweic/public_html/mittag.com.tw/admin/controller/common/column_left.php on line 870
2016-11-06 13:04:18 - PHP Warning:  array_merge(): Argument #2 is not an array in /home/jungweic/public_html/mittag.com.tw/admin/controller/common/column_left.php on line 870
2016-11-06 13:04:18 - PHP Warning:  in_array() expects parameter 2 to be array, null given in /home/jungweic/public_html/mittag.com.tw/admin/controller/common/column_left.php on line 870
2016-11-06 13:04:18 - PHP Warning:  array_merge(): Argument #2 is not an array in /home/jungweic/public_html/mittag.com.tw/admin/controller/common/column_left.php on line 870
2016-11-06 13:04:18 - PHP Warning:  in_array() expects parameter 2 to be array, null given in /home/jungweic/public_html/mittag.com.tw/admin/controller/common/column_left.php on line 870
2016-11-06 13:04:18 - PHP Warning:  array_merge(): Argument #2 is not an array in /home/jungweic/public_html/mittag.com.tw/admin/controller/common/column_left.php on line 870
2016-11-06 13:04:18 - PHP Warning:  in_array() expects parameter 2 to be array, null given in /home/jungweic/public_html/mittag.com.tw/admin/controller/common/column_left.php on line 870
2016-11-06 13:04:18 - PHP Warning:  array_merge(): Argument #2 is not an array in /home/jungweic/public_html/mittag.com.tw/admin/controller/common/column_left.php on line 870
2016-11-06 13:04:18 - PHP Warning:  in_array() expects parameter 2 to be array, null given in /home/jungweic/public_html/mittag.com.tw/admin/controller/common/column_left.php on line 870
2016-11-06 13:04:18 - PHP Warning:  array_merge(): Argument #2 is not an array in /home/jungweic/public_html/mittag.com.tw/admin/controller/common/column_left.php on line 870
2016-11-06 13:04:18 - PHP Warning:  in_array() expects parameter 2 to be array, null given in /home/jungweic/public_html/mittag.com.tw/admin/controller/common/column_left.php on line 870
2016-11-06 13:04:18 - PHP Warning:  array_merge(): Argument #2 is not an array in /home/jungweic/public_html/mittag.com.tw/admin/controller/common/column_left.php on line 870
2016-11-06 13:04:18 - PHP Warning:  in_array() expects parameter 2 to be array, null given in /home/jungweic/public_html/mittag.com.tw/admin/controller/common/column_left.php on line 870
2016-11-06 13:04:18 - PHP Warning:  array_merge(): Argument #2 is not an array in /home/jungweic/public_html/mittag.com.tw/admin/controller/common/column_left.php on line 870
2016-11-06 13:04:18 - PHP Warning:  in_array() expects parameter 2 to be array, null given in /home/jungweic/public_html/mittag.com.tw/admin/controller/common/column_left.php on line 870
2016-11-06 13:10:26 - PHP Warning:  implode(): Invalid arguments passed in /home/jungweic/public_html/mittag.com.tw/admin/controller/common/header.php on line 58
2016-11-06 13:10:26 - PHP Warning:  implode(): Invalid arguments passed in /home/jungweic/public_html/mittag.com.tw/admin/controller/common/header.php on line 59
2016-11-06 13:10:26 - PHP Warning:  implode(): Invalid arguments passed in /home/jungweic/public_html/mittag.com.tw/admin/controller/common/column_left.php on line 855
2016-11-06 13:10:26 - PHP Warning:  array_merge(): Argument #2 is not an array in /home/jungweic/public_html/mittag.com.tw/admin/controller/common/column_left.php on line 870
2016-11-06 13:10:26 - PHP Warning:  in_array() expects parameter 2 to be array, null given in /home/jungweic/public_html/mittag.com.tw/admin/controller/common/column_left.php on line 870
2016-11-06 13:10:26 - PHP Warning:  array_merge(): Argument #2 is not an array in /home/jungweic/public_html/mittag.com.tw/admin/controller/common/column_left.php on line 870
2016-11-06 13:10:26 - PHP Warning:  in_array() expects parameter 2 to be array, null given in /home/jungweic/public_html/mittag.com.tw/admin/controller/common/column_left.php on line 870
2016-11-06 13:10:26 - PHP Warning:  array_merge(): Argument #2 is not an array in /home/jungweic/public_html/mittag.com.tw/admin/controller/common/column_left.php on line 870
2016-11-06 13:10:26 - PHP Warning:  in_array() expects parameter 2 to be array, null given in /home/jungweic/public_html/mittag.com.tw/admin/controller/common/column_left.php on line 870
2016-11-06 13:10:26 - PHP Warning:  array_merge(): Argument #2 is not an array in /home/jungweic/public_html/mittag.com.tw/admin/controller/common/column_left.php on line 870
2016-11-06 13:10:26 - PHP Warning:  in_array() expects parameter 2 to be array, null given in /home/jungweic/public_html/mittag.com.tw/admin/controller/common/column_left.php on line 870
2016-11-06 13:10:26 - PHP Warning:  array_merge(): Argument #2 is not an array in /home/jungweic/public_html/mittag.com.tw/admin/controller/common/column_left.php on line 870
2016-11-06 13:10:26 - PHP Warning:  in_array() expects parameter 2 to be array, null given in /home/jungweic/public_html/mittag.com.tw/admin/controller/common/column_left.php on line 870
2016-11-06 13:10:26 - PHP Warning:  array_merge(): Argument #2 is not an array in /home/jungweic/public_html/mittag.com.tw/admin/controller/common/column_left.php on line 870
2016-11-06 13:10:26 - PHP Warning:  in_array() expects parameter 2 to be array, null given in /home/jungweic/public_html/mittag.com.tw/admin/controller/common/column_left.php on line 870
2016-11-06 13:10:26 - PHP Warning:  array_merge(): Argument #2 is not an array in /home/jungweic/public_html/mittag.com.tw/admin/controller/common/column_left.php on line 870
2016-11-06 13:10:26 - PHP Warning:  in_array() expects parameter 2 to be array, null given in /home/jungweic/public_html/mittag.com.tw/admin/controller/common/column_left.php on line 870
2016-11-06 13:10:26 - PHP Warning:  array_merge(): Argument #2 is not an array in /home/jungweic/public_html/mittag.com.tw/admin/controller/common/column_left.php on line 870
2016-11-06 13:10:26 - PHP Warning:  in_array() expects parameter 2 to be array, null given in /home/jungweic/public_html/mittag.com.tw/admin/controller/common/column_left.php on line 870
2016-11-06 13:10:26 - PHP Warning:  array_merge(): Argument #2 is not an array in /home/jungweic/public_html/mittag.com.tw/admin/controller/common/column_left.php on line 870
2016-11-06 13:10:26 - PHP Warning:  in_array() expects parameter 2 to be array, null given in /home/jungweic/public_html/mittag.com.tw/admin/controller/common/column_left.php on line 870
2016-11-06 13:10:26 - PHP Warning:  array_merge(): Argument #2 is not an array in /home/jungweic/public_html/mittag.com.tw/admin/controller/common/column_left.php on line 870
2016-11-06 13:10:26 - PHP Warning:  in_array() expects parameter 2 to be array, null given in /home/jungweic/public_html/mittag.com.tw/admin/controller/common/column_left.php on line 870
2016-11-06 13:10:26 - PHP Warning:  array_merge(): Argument #2 is not an array in /home/jungweic/public_html/mittag.com.tw/admin/controller/common/column_left.php on line 870
2016-11-06 13:10:26 - PHP Warning:  in_array() expects parameter 2 to be array, null given in /home/jungweic/public_html/mittag.com.tw/admin/controller/common/column_left.php on line 870
2016-11-06 13:10:26 - PHP Warning:  array_merge(): Argument #2 is not an array in /home/jungweic/public_html/mittag.com.tw/admin/controller/common/column_left.php on line 870
2016-11-06 13:10:26 - PHP Warning:  in_array() expects parameter 2 to be array, null given in /home/jungweic/public_html/mittag.com.tw/admin/controller/common/column_left.php on line 870
2016-11-06 13:10:26 - PHP Warning:  array_merge(): Argument #2 is not an array in /home/jungweic/public_html/mittag.com.tw/admin/controller/common/column_left.php on line 870
2016-11-06 13:10:26 - PHP Warning:  in_array() expects parameter 2 to be array, null given in /home/jungweic/public_html/mittag.com.tw/admin/controller/common/column_left.php on line 870
2016-11-06 13:10:26 - PHP Warning:  array_merge(): Argument #2 is not an array in /home/jungweic/public_html/mittag.com.tw/admin/controller/common/column_left.php on line 870
2016-11-06 13:10:26 - PHP Warning:  in_array() expects parameter 2 to be array, null given in /home/jungweic/public_html/mittag.com.tw/admin/controller/common/column_left.php on line 870
2016-11-06 13:10:48 - PHP Warning:  implode(): Invalid arguments passed in /home/jungweic/public_html/mittag.com.tw/admin/controller/common/header.php on line 58
2016-11-06 13:10:48 - PHP Warning:  implode(): Invalid arguments passed in /home/jungweic/public_html/mittag.com.tw/admin/controller/common/header.php on line 59
2016-11-06 13:10:48 - PHP Warning:  implode(): Invalid arguments passed in /home/jungweic/public_html/mittag.com.tw/admin/controller/common/column_left.php on line 855
2016-11-06 13:10:48 - PHP Warning:  array_merge(): Argument #2 is not an array in /home/jungweic/public_html/mittag.com.tw/admin/controller/common/column_left.php on line 870
2016-11-06 13:10:48 - PHP Warning:  in_array() expects parameter 2 to be array, null given in /home/jungweic/public_html/mittag.com.tw/admin/controller/common/column_left.php on line 870
2016-11-06 13:10:48 - PHP Warning:  array_merge(): Argument #2 is not an array in /home/jungweic/public_html/mittag.com.tw/admin/controller/common/column_left.php on line 870
2016-11-06 13:10:48 - PHP Warning:  in_array() expects parameter 2 to be array, null given in /home/jungweic/public_html/mittag.com.tw/admin/controller/common/column_left.php on line 870
2016-11-06 13:10:48 - PHP Warning:  array_merge(): Argument #2 is not an array in /home/jungweic/public_html/mittag.com.tw/admin/controller/common/column_left.php on line 870
2016-11-06 13:10:48 - PHP Warning:  in_array() expects parameter 2 to be array, null given in /home/jungweic/public_html/mittag.com.tw/admin/controller/common/column_left.php on line 870
2016-11-06 13:10:48 - PHP Warning:  array_merge(): Argument #2 is not an array in /home/jungweic/public_html/mittag.com.tw/admin/controller/common/column_left.php on line 870
2016-11-06 13:10:48 - PHP Warning:  in_array() expects parameter 2 to be array, null given in /home/jungweic/public_html/mittag.com.tw/admin/controller/common/column_left.php on line 870
2016-11-06 13:10:48 - PHP Warning:  array_merge(): Argument #2 is not an array in /home/jungweic/public_html/mittag.com.tw/admin/controller/common/column_left.php on line 870
2016-11-06 13:10:48 - PHP Warning:  in_array() expects parameter 2 to be array, null given in /home/jungweic/public_html/mittag.com.tw/admin/controller/common/column_left.php on line 870
2016-11-06 13:10:48 - PHP Warning:  array_merge(): Argument #2 is not an array in /home/jungweic/public_html/mittag.com.tw/admin/controller/common/column_left.php on line 870
2016-11-06 13:10:48 - PHP Warning:  in_array() expects parameter 2 to be array, null given in /home/jungweic/public_html/mittag.com.tw/admin/controller/common/column_left.php on line 870
2016-11-06 13:10:48 - PHP Warning:  array_merge(): Argument #2 is not an array in /home/jungweic/public_html/mittag.com.tw/admin/controller/common/column_left.php on line 870
2016-11-06 13:10:48 - PHP Warning:  in_array() expects parameter 2 to be array, null given in /home/jungweic/public_html/mittag.com.tw/admin/controller/common/column_left.php on line 870
2016-11-06 13:10:48 - PHP Warning:  array_merge(): Argument #2 is not an array in /home/jungweic/public_html/mittag.com.tw/admin/controller/common/column_left.php on line 870
2016-11-06 13:10:48 - PHP Warning:  in_array() expects parameter 2 to be array, null given in /home/jungweic/public_html/mittag.com.tw/admin/controller/common/column_left.php on line 870
2016-11-06 13:10:48 - PHP Warning:  array_merge(): Argument #2 is not an array in /home/jungweic/public_html/mittag.com.tw/admin/controller/common/column_left.php on line 870
2016-11-06 13:10:48 - PHP Warning:  in_array() expects parameter 2 to be array, null given in /home/jungweic/public_html/mittag.com.tw/admin/controller/common/column_left.php on line 870
2016-11-06 13:10:48 - PHP Warning:  array_merge(): Argument #2 is not an array in /home/jungweic/public_html/mittag.com.tw/admin/controller/common/column_left.php on line 870
2016-11-06 13:10:48 - PHP Warning:  in_array() expects parameter 2 to be array, null given in /home/jungweic/public_html/mittag.com.tw/admin/controller/common/column_left.php on line 870
2016-11-06 13:10:48 - PHP Warning:  array_merge(): Argument #2 is not an array in /home/jungweic/public_html/mittag.com.tw/admin/controller/common/column_left.php on line 870
2016-11-06 13:10:48 - PHP Warning:  in_array() expects parameter 2 to be array, null given in /home/jungweic/public_html/mittag.com.tw/admin/controller/common/column_left.php on line 870
2016-11-06 13:10:48 - PHP Warning:  array_merge(): Argument #2 is not an array in /home/jungweic/public_html/mittag.com.tw/admin/controller/common/column_left.php on line 870
2016-11-06 13:10:48 - PHP Warning:  in_array() expects parameter 2 to be array, null given in /home/jungweic/public_html/mittag.com.tw/admin/controller/common/column_left.php on line 870
2016-11-06 13:10:48 - PHP Warning:  array_merge(): Argument #2 is not an array in /home/jungweic/public_html/mittag.com.tw/admin/controller/common/column_left.php on line 870
2016-11-06 13:10:48 - PHP Warning:  in_array() expects parameter 2 to be array, null given in /home/jungweic/public_html/mittag.com.tw/admin/controller/common/column_left.php on line 870
2016-11-06 13:10:48 - PHP Warning:  array_merge(): Argument #2 is not an array in /home/jungweic/public_html/mittag.com.tw/admin/controller/common/column_left.php on line 870
2016-11-06 13:10:48 - PHP Warning:  in_array() expects parameter 2 to be array, null given in /home/jungweic/public_html/mittag.com.tw/admin/controller/common/column_left.php on line 870
2016-11-06 13:10:53 - PHP Warning:  implode(): Invalid arguments passed in /home/jungweic/public_html/mittag.com.tw/admin/controller/common/header.php on line 58
2016-11-06 13:10:53 - PHP Warning:  implode(): Invalid arguments passed in /home/jungweic/public_html/mittag.com.tw/admin/controller/common/header.php on line 59
2016-11-06 13:10:53 - PHP Warning:  implode(): Invalid arguments passed in /home/jungweic/public_html/mittag.com.tw/admin/controller/common/column_left.php on line 855
2016-11-06 13:10:53 - PHP Warning:  array_merge(): Argument #2 is not an array in /home/jungweic/public_html/mittag.com.tw/admin/controller/common/column_left.php on line 870
2016-11-06 13:10:53 - PHP Warning:  in_array() expects parameter 2 to be array, null given in /home/jungweic/public_html/mittag.com.tw/admin/controller/common/column_left.php on line 870
2016-11-06 13:10:53 - PHP Warning:  array_merge(): Argument #2 is not an array in /home/jungweic/public_html/mittag.com.tw/admin/controller/common/column_left.php on line 870
2016-11-06 13:10:53 - PHP Warning:  in_array() expects parameter 2 to be array, null given in /home/jungweic/public_html/mittag.com.tw/admin/controller/common/column_left.php on line 870
2016-11-06 13:10:53 - PHP Warning:  array_merge(): Argument #2 is not an array in /home/jungweic/public_html/mittag.com.tw/admin/controller/common/column_left.php on line 870
2016-11-06 13:10:53 - PHP Warning:  in_array() expects parameter 2 to be array, null given in /home/jungweic/public_html/mittag.com.tw/admin/controller/common/column_left.php on line 870
2016-11-06 13:10:53 - PHP Warning:  array_merge(): Argument #2 is not an array in /home/jungweic/public_html/mittag.com.tw/admin/controller/common/column_left.php on line 870
2016-11-06 13:10:53 - PHP Warning:  in_array() expects parameter 2 to be array, null given in /home/jungweic/public_html/mittag.com.tw/admin/controller/common/column_left.php on line 870
2016-11-06 13:10:53 - PHP Warning:  array_merge(): Argument #2 is not an array in /home/jungweic/public_html/mittag.com.tw/admin/controller/common/column_left.php on line 870
2016-11-06 13:10:53 - PHP Warning:  in_array() expects parameter 2 to be array, null given in /home/jungweic/public_html/mittag.com.tw/admin/controller/common/column_left.php on line 870
2016-11-06 13:10:53 - PHP Warning:  array_merge(): Argument #2 is not an array in /home/jungweic/public_html/mittag.com.tw/admin/controller/common/column_left.php on line 870
2016-11-06 13:10:53 - PHP Warning:  in_array() expects parameter 2 to be array, null given in /home/jungweic/public_html/mittag.com.tw/admin/controller/common/column_left.php on line 870
2016-11-06 13:10:53 - PHP Warning:  array_merge(): Argument #2 is not an array in /home/jungweic/public_html/mittag.com.tw/admin/controller/common/column_left.php on line 870
2016-11-06 13:10:53 - PHP Warning:  in_array() expects parameter 2 to be array, null given in /home/jungweic/public_html/mittag.com.tw/admin/controller/common/column_left.php on line 870
2016-11-06 13:10:53 - PHP Warning:  array_merge(): Argument #2 is not an array in /home/jungweic/public_html/mittag.com.tw/admin/controller/common/column_left.php on line 870
2016-11-06 13:10:53 - PHP Warning:  in_array() expects parameter 2 to be array, null given in /home/jungweic/public_html/mittag.com.tw/admin/controller/common/column_left.php on line 870
2016-11-06 13:10:53 - PHP Warning:  array_merge(): Argument #2 is not an array in /home/jungweic/public_html/mittag.com.tw/admin/controller/common/column_left.php on line 870
2016-11-06 13:10:53 - PHP Warning:  in_array() expects parameter 2 to be array, null given in /home/jungweic/public_html/mittag.com.tw/admin/controller/common/column_left.php on line 870
2016-11-06 13:10:53 - PHP Warning:  array_merge(): Argument #2 is not an array in /home/jungweic/public_html/mittag.com.tw/admin/controller/common/column_left.php on line 870
2016-11-06 13:10:53 - PHP Warning:  in_array() expects parameter 2 to be array, null given in /home/jungweic/public_html/mittag.com.tw/admin/controller/common/column_left.php on line 870
2016-11-06 13:10:53 - PHP Warning:  array_merge(): Argument #2 is not an array in /home/jungweic/public_html/mittag.com.tw/admin/controller/common/column_left.php on line 870
2016-11-06 13:10:53 - PHP Warning:  in_array() expects parameter 2 to be array, null given in /home/jungweic/public_html/mittag.com.tw/admin/controller/common/column_left.php on line 870
2016-11-06 13:10:53 - PHP Warning:  array_merge(): Argument #2 is not an array in /home/jungweic/public_html/mittag.com.tw/admin/controller/common/column_left.php on line 870
2016-11-06 13:10:53 - PHP Warning:  in_array() expects parameter 2 to be array, null given in /home/jungweic/public_html/mittag.com.tw/admin/controller/common/column_left.php on line 870
2016-11-06 13:10:53 - PHP Warning:  array_merge(): Argument #2 is not an array in /home/jungweic/public_html/mittag.com.tw/admin/controller/common/column_left.php on line 870
2016-11-06 13:10:53 - PHP Warning:  in_array() expects parameter 2 to be array, null given in /home/jungweic/public_html/mittag.com.tw/admin/controller/common/column_left.php on line 870
2016-11-06 13:10:53 - PHP Warning:  array_merge(): Argument #2 is not an array in /home/jungweic/public_html/mittag.com.tw/admin/controller/common/column_left.php on line 870
2016-11-06 13:10:53 - PHP Warning:  in_array() expects parameter 2 to be array, null given in /home/jungweic/public_html/mittag.com.tw/admin/controller/common/column_left.php on line 870
2016-11-06 13:11:00 - PHP Warning:  implode(): Invalid arguments passed in /home/jungweic/public_html/mittag.com.tw/admin/controller/common/header.php on line 58
2016-11-06 13:11:00 - PHP Warning:  implode(): Invalid arguments passed in /home/jungweic/public_html/mittag.com.tw/admin/controller/common/header.php on line 59
2016-11-06 13:11:00 - PHP Warning:  implode(): Invalid arguments passed in /home/jungweic/public_html/mittag.com.tw/admin/controller/common/column_left.php on line 855
2016-11-06 13:11:00 - PHP Warning:  array_merge(): Argument #2 is not an array in /home/jungweic/public_html/mittag.com.tw/admin/controller/common/column_left.php on line 870
2016-11-06 13:11:00 - PHP Warning:  in_array() expects parameter 2 to be array, null given in /home/jungweic/public_html/mittag.com.tw/admin/controller/common/column_left.php on line 870
2016-11-06 13:11:00 - PHP Warning:  array_merge(): Argument #2 is not an array in /home/jungweic/public_html/mittag.com.tw/admin/controller/common/column_left.php on line 870
2016-11-06 13:11:00 - PHP Warning:  in_array() expects parameter 2 to be array, null given in /home/jungweic/public_html/mittag.com.tw/admin/controller/common/column_left.php on line 870
2016-11-06 13:11:00 - PHP Warning:  array_merge(): Argument #2 is not an array in /home/jungweic/public_html/mittag.com.tw/admin/controller/common/column_left.php on line 870
2016-11-06 13:11:00 - PHP Warning:  in_array() expects parameter 2 to be array, null given in /home/jungweic/public_html/mittag.com.tw/admin/controller/common/column_left.php on line 870
2016-11-06 13:11:00 - PHP Warning:  array_merge(): Argument #2 is not an array in /home/jungweic/public_html/mittag.com.tw/admin/controller/common/column_left.php on line 870
2016-11-06 13:11:00 - PHP Warning:  in_array() expects parameter 2 to be array, null given in /home/jungweic/public_html/mittag.com.tw/admin/controller/common/column_left.php on line 870
2016-11-06 13:11:00 - PHP Warning:  array_merge(): Argument #2 is not an array in /home/jungweic/public_html/mittag.com.tw/admin/controller/common/column_left.php on line 870
2016-11-06 13:11:00 - PHP Warning:  in_array() expects parameter 2 to be array, null given in /home/jungweic/public_html/mittag.com.tw/admin/controller/common/column_left.php on line 870
2016-11-06 13:11:00 - PHP Warning:  array_merge(): Argument #2 is not an array in /home/jungweic/public_html/mittag.com.tw/admin/controller/common/column_left.php on line 870
2016-11-06 13:11:00 - PHP Warning:  in_array() expects parameter 2 to be array, null given in /home/jungweic/public_html/mittag.com.tw/admin/controller/common/column_left.php on line 870
2016-11-06 13:11:00 - PHP Warning:  array_merge(): Argument #2 is not an array in /home/jungweic/public_html/mittag.com.tw/admin/controller/common/column_left.php on line 870
2016-11-06 13:11:00 - PHP Warning:  in_array() expects parameter 2 to be array, null given in /home/jungweic/public_html/mittag.com.tw/admin/controller/common/column_left.php on line 870
2016-11-06 13:11:00 - PHP Warning:  array_merge(): Argument #2 is not an array in /home/jungweic/public_html/mittag.com.tw/admin/controller/common/column_left.php on line 870
2016-11-06 13:11:00 - PHP Warning:  in_array() expects parameter 2 to be array, null given in /home/jungweic/public_html/mittag.com.tw/admin/controller/common/column_left.php on line 870
2016-11-06 13:11:00 - PHP Warning:  array_merge(): Argument #2 is not an array in /home/jungweic/public_html/mittag.com.tw/admin/controller/common/column_left.php on line 870
2016-11-06 13:11:00 - PHP Warning:  in_array() expects parameter 2 to be array, null given in /home/jungweic/public_html/mittag.com.tw/admin/controller/common/column_left.php on line 870
2016-11-06 13:11:00 - PHP Warning:  array_merge(): Argument #2 is not an array in /home/jungweic/public_html/mittag.com.tw/admin/controller/common/column_left.php on line 870
2016-11-06 13:11:00 - PHP Warning:  in_array() expects parameter 2 to be array, null given in /home/jungweic/public_html/mittag.com.tw/admin/controller/common/column_left.php on line 870
2016-11-06 13:11:00 - PHP Warning:  array_merge(): Argument #2 is not an array in /home/jungweic/public_html/mittag.com.tw/admin/controller/common/column_left.php on line 870
2016-11-06 13:11:00 - PHP Warning:  in_array() expects parameter 2 to be array, null given in /home/jungweic/public_html/mittag.com.tw/admin/controller/common/column_left.php on line 870
2016-11-06 13:11:00 - PHP Warning:  array_merge(): Argument #2 is not an array in /home/jungweic/public_html/mittag.com.tw/admin/controller/common/column_left.php on line 870
2016-11-06 13:11:00 - PHP Warning:  in_array() expects parameter 2 to be array, null given in /home/jungweic/public_html/mittag.com.tw/admin/controller/common/column_left.php on line 870
2016-11-06 13:11:00 - PHP Warning:  array_merge(): Argument #2 is not an array in /home/jungweic/public_html/mittag.com.tw/admin/controller/common/column_left.php on line 870
2016-11-06 13:11:00 - PHP Warning:  in_array() expects parameter 2 to be array, null given in /home/jungweic/public_html/mittag.com.tw/admin/controller/common/column_left.php on line 870
2016-11-06 13:11:00 - PHP Warning:  array_merge(): Argument #2 is not an array in /home/jungweic/public_html/mittag.com.tw/admin/controller/common/column_left.php on line 870
2016-11-06 13:11:00 - PHP Warning:  in_array() expects parameter 2 to be array, null given in /home/jungweic/public_html/mittag.com.tw/admin/controller/common/column_left.php on line 870
2016-11-09 16:01:55 - PHP Notice:  Undefined variable: text_all in /home/jungweic/public_html/mittag.com.tw/catalog/view/theme/default/template/common/content_top.tpl on line 29
2016-11-09 16:01:55 - PHP Notice:  Undefined variable: text_all in /home/jungweic/public_html/mittag.com.tw/catalog/view/theme/default/template/common/content_top.tpl on line 29
2016-11-09 16:01:55 - PHP Notice:  Undefined variable: text_all in /home/jungweic/public_html/mittag.com.tw/catalog/view/theme/default/template/common/content_top.tpl on line 29
2016-11-09 16:03:09 - PHP Notice:  Undefined variable: text_all in /home/jungweic/public_html/mittag.com.tw/catalog/view/theme/default/template/common/content_top.tpl on line 29
2016-11-09 16:03:09 - PHP Notice:  Undefined variable: text_all in /home/jungweic/public_html/mittag.com.tw/catalog/view/theme/default/template/common/content_top.tpl on line 29
2016-11-09 16:03:09 - PHP Notice:  Undefined variable: text_all in /home/jungweic/public_html/mittag.com.tw/catalog/view/theme/default/template/common/content_top.tpl on line 29
2016-11-09 16:07:58 - PHP Notice:  Undefined variable: text_all in /home/jungweic/public_html/mittag.com.tw/catalog/view/theme/default/template/common/content_top.tpl on line 29
2016-11-09 16:07:58 - PHP Notice:  Undefined variable: text_all in /home/jungweic/public_html/mittag.com.tw/catalog/view/theme/default/template/common/content_top.tpl on line 29
2016-11-09 16:07:58 - PHP Notice:  Undefined variable: text_all in /home/jungweic/public_html/mittag.com.tw/catalog/view/theme/default/template/common/content_top.tpl on line 29
2016-11-09 16:09:19 - PHP Notice:  Undefined variable: text_all in /home/jungweic/public_html/mittag.com.tw/catalog/view/theme/default/template/common/content_top.tpl on line 29
2016-11-09 16:09:19 - PHP Notice:  Undefined variable: text_all in /home/jungweic/public_html/mittag.com.tw/catalog/view/theme/default/template/common/content_top.tpl on line 29
2016-11-09 16:09:19 - PHP Notice:  Undefined variable: text_all in /home/jungweic/public_html/mittag.com.tw/catalog/view/theme/default/template/common/content_top.tpl on line 29
2016-11-09 16:11:00 - PHP Notice:  Undefined variable: text_all in /home/jungweic/public_html/mittag.com.tw/catalog/view/theme/default/template/common/content_top.tpl on line 29
2016-11-09 16:11:00 - PHP Notice:  Undefined variable: text_all in /home/jungweic/public_html/mittag.com.tw/catalog/view/theme/default/template/common/content_top.tpl on line 29
2016-11-09 16:11:00 - PHP Notice:  Undefined variable: text_all in /home/jungweic/public_html/mittag.com.tw/catalog/view/theme/default/template/common/content_top.tpl on line 29
2016-11-09 16:13:21 - PHP Notice:  Undefined variable: text_all in /home/jungweic/public_html/mittag.com.tw/catalog/view/theme/default/template/common/content_top.tpl on line 29
2016-11-09 16:13:21 - PHP Notice:  Undefined variable: text_all in /home/jungweic/public_html/mittag.com.tw/catalog/view/theme/default/template/common/content_top.tpl on line 29
2016-11-09 16:13:21 - PHP Notice:  Undefined variable: text_all in /home/jungweic/public_html/mittag.com.tw/catalog/view/theme/default/template/common/content_top.tpl on line 29
2016-11-09 16:13:45 - PHP Notice:  Undefined variable: text_all in /home/jungweic/public_html/mittag.com.tw/catalog/view/theme/default/template/common/content_top.tpl on line 29
2016-11-09 16:13:45 - PHP Notice:  Undefined variable: text_all in /home/jungweic/public_html/mittag.com.tw/catalog/view/theme/default/template/common/content_top.tpl on line 29
2016-11-09 16:13:45 - PHP Notice:  Undefined variable: text_all in /home/jungweic/public_html/mittag.com.tw/catalog/view/theme/default/template/common/content_top.tpl on line 29
2016-11-09 16:14:50 - PHP Notice:  Undefined variable: text_all in /home/jungweic/public_html/mittag.com.tw/catalog/view/theme/default/template/common/content_top.tpl on line 29
2016-11-09 16:14:50 - PHP Notice:  Undefined variable: text_all in /home/jungweic/public_html/mittag.com.tw/catalog/view/theme/default/template/common/content_top.tpl on line 29
2016-11-09 16:14:50 - PHP Notice:  Undefined variable: text_all in /home/jungweic/public_html/mittag.com.tw/catalog/view/theme/default/template/common/content_top.tpl on line 29
2016-11-09 16:16:57 - PHP Notice:  Undefined variable: text_all in /home/jungweic/public_html/mittag.com.tw/catalog/view/theme/default/template/common/content_top.tpl on line 29
2016-11-09 16:16:57 - PHP Notice:  Undefined variable: text_all in /home/jungweic/public_html/mittag.com.tw/catalog/view/theme/default/template/common/content_top.tpl on line 29
2016-11-09 16:16:57 - PHP Notice:  Undefined variable: text_all in /home/jungweic/public_html/mittag.com.tw/catalog/view/theme/default/template/common/content_top.tpl on line 29
2016-11-09 16:39:39 - PHP Notice:  Undefined variable: text_all in /home/jungweic/public_html/mittag.com.tw/catalog/view/theme/default/template/common/content_top.tpl on line 30
2016-11-09 16:39:39 - PHP Notice:  Undefined variable: text_all in /home/jungweic/public_html/mittag.com.tw/catalog/view/theme/default/template/common/content_top.tpl on line 30
2016-11-09 16:39:39 - PHP Notice:  Undefined variable: text_all in /home/jungweic/public_html/mittag.com.tw/catalog/view/theme/default/template/common/content_top.tpl on line 30
2016-11-09 16:58:40 - PHP Notice:  Undefined variable: text_all in /home/jungweic/public_html/mittag.com.tw/catalog/view/theme/default/template/common/content_top.tpl on line 30
2016-11-09 16:58:40 - PHP Notice:  Undefined variable: text_all in /home/jungweic/public_html/mittag.com.tw/catalog/view/theme/default/template/common/content_top.tpl on line 30
2016-11-09 16:58:40 - PHP Notice:  Undefined variable: text_all in /home/jungweic/public_html/mittag.com.tw/catalog/view/theme/default/template/common/content_top.tpl on line 30
2016-11-09 17:03:28 - PHP Notice:  Undefined variable: text_all in /home/jungweic/public_html/mittag.com.tw/catalog/view/theme/default/template/common/content_top.tpl on line 30
2016-11-09 17:03:28 - PHP Notice:  Undefined variable: text_all in /home/jungweic/public_html/mittag.com.tw/catalog/view/theme/default/template/common/content_top.tpl on line 30
2016-11-09 17:03:28 - PHP Notice:  Undefined variable: text_all in /home/jungweic/public_html/mittag.com.tw/catalog/view/theme/default/template/common/content_top.tpl on line 30
